Determining if the pthread_create exist failed with the following output:
Change Dir: /home/feras/programmiersprachen-aufgabenblatt-2/source/CMakeFiles/CMakeTmp

Run Build Command:"/usr/bin/make" "cmTC_7e833/fast"
/usr/bin/make -f CMakeFiles/cmTC_7e833.dir/build.make CMakeFiles/cmTC_7e833.dir/build
make[1]: Verzeichnis „/home/feras/programmiersprachen-aufgabenblatt-2/source/CMakeFiles/CMakeTmp“ wird betreten
Building C object CMakeFiles/cmTC_7e833.dir/CheckSymbolExists.c.o
/usr/bin/cc    -o CMakeFiles/cmTC_7e833.dir/CheckSymbolExists.c.o   -c /home/feras/programmiersprachen-aufgabenblatt-2/source/CMakeFiles/CMakeTmp/CheckSymbolExists.c
Linking C executable cmTC_7e833
/usr/local/bin/cmake -E cmake_link_script CMakeFiles/cmTC_7e833.dir/link.txt --verbose=1
/usr/bin/cc      -rdynamic CMakeFiles/cmTC_7e833.dir/CheckSymbolExists.c.o  -o cmTC_7e833 
CMakeFiles/cmTC_7e833.dir/CheckSymbolExists.c.o: In Funktion `main':
CheckSymbolExists.c:(.text+0x16): Nicht definierter Verweis auf `pthread_create'
collect2: error: ld returned 1 exit status
CMakeFiles/cmTC_7e833.dir/build.make:86: die Regel für Ziel „cmTC_7e833“ scheiterte
make[1]: *** [cmTC_7e833] Fehler 1
make[1]: Verzeichnis „/home/feras/programmiersprachen-aufgabenblatt-2/source/CMakeFiles/CMakeTmp“ wird verlassen
Makefile:126: die Regel für Ziel „cmTC_7e833/fast“ scheiterte
make: *** [cmTC_7e833/fast] Fehler 2

File /home/feras/programmiersprachen-aufgabenblatt-2/source/CMakeFiles/CMakeTmp/CheckSymbolExists.c:
/* */
#include <pthread.h>

int main(int argc, char** argv)
{
  (void)argv;
#ifndef pthread_create
  return ((int*)(&pthread_create))[argc];
#else
  (void)argc;
  return 0;
#endif
}

Determining if the function pthread_create exists in the pthreads failed with the following output:
Change Dir: /home/feras/programmiersprachen-aufgabenblatt-2/source/CMakeFiles/CMakeTmp

Run Build Command:"/usr/bin/make" "cmTC_c8855/fast"
/usr/bin/make -f CMakeFiles/cmTC_c8855.dir/build.make CMakeFiles/cmTC_c8855.dir/build
make[1]: Verzeichnis „/home/feras/programmiersprachen-aufgabenblatt-2/source/CMakeFiles/CMakeTmp“ wird betreten
Building C object CMakeFiles/cmTC_c8855.dir/CheckFunctionExists.c.o
/usr/bin/cc   -DCHECK_FUNCTION_EXISTS=pthread_create   -o CMakeFiles/cmTC_c8855.dir/CheckFunctionExists.c.o   -c /usr/local/share/cmake-3.11/Modules/CheckFunctionExists.c
Linking C executable cmTC_c8855
/usr/local/bin/cmake -E cmake_link_script CMakeFiles/cmTC_c8855.dir/link.txt --verbose=1
/usr/bin/cc  -DCHECK_FUNCTION_EXISTS=pthread_create    -rdynamic CMakeFiles/cmTC_c8855.dir/CheckFunctionExists.c.o  -o cmTC_c8855 -lpthreads 
/usr/bin/ld: cannot find -lpthreads
collect2: error: ld returned 1 exit status
CMakeFiles/cmTC_c8855.dir/build.make:86: die Regel für Ziel „cmTC_c8855“ scheiterte
make[1]: *** [cmTC_c8855] Fehler 1
make[1]: Verzeichnis „/home/feras/programmiersprachen-aufgabenblatt-2/source/CMakeFiles/CMakeTmp“ wird verlassen
Makefile:126: die Regel für Ziel „cmTC_c8855/fast“ scheiterte
make: *** [cmTC_c8855/fast] Fehler 2


