The system is: Linux - 4.13.0-41-generic - x86_64
Compiling the C compiler identification source file "CMakeCCompilerId.c" succeeded.
Compiler: /usr/bin/cc 
Build flags: 
Id flags:  

The output was:
0


Compilation of the C compiler identification source "CMakeCCompilerId.c" produced "a.out"

The C compiler identification is GNU, found in "/home/feras/programmiersprachen-aufgabenblatt-3/build/CMakeFiles/3.11.0/CompilerIdC/a.out"

Compiling the CXX compiler identification source file "CMakeCXXCompilerId.cpp" succeeded.
Compiler: /usr/bin/c++ 
Build flags: 
Id flags:  

The output was:
0


Compilation of the CXX compiler identification source "CMakeCXXCompilerId.cpp" produced "a.out"

The CXX compiler identification is GNU, found in "/home/feras/programmiersprachen-aufgabenblatt-3/build/CMakeFiles/3.11.0/CompilerIdCXX/a.out"

Determining if the C compiler works passed with the following output:
Change Dir: /home/feras/programmiersprachen-aufgabenblatt-3/build/CMakeFiles/CMakeTmp

Run Build Command:"/usr/bin/make" "cmTC_bc233/fast"
/usr/bin/make -f CMakeFiles/cmTC_bc233.dir/build.make CMakeFiles/cmTC_bc233.dir/build
make[1]: Verzeichnis „/home/feras/programmiersprachen-aufgabenblatt-3/build/CMakeFiles/CMakeTmp“ wird betreten
Building C object CMakeFiles/cmTC_bc233.dir/testCCompiler.c.o
/usr/bin/cc    -o CMakeFiles/cmTC_bc233.dir/testCCompiler.c.o   -c /home/feras/programmiersprachen-aufgabenblatt-3/build/CMakeFiles/CMakeTmp/testCCompiler.c
Linking C executable cmTC_bc233
/usr/local/bin/cmake -E cmake_link_script CMakeFiles/cmTC_bc233.dir/link.txt --verbose=1
/usr/bin/cc      -rdynamic CMakeFiles/cmTC_bc233.dir/testCCompiler.c.o  -o cmTC_bc233 
make[1]: Verzeichnis „/home/feras/programmiersprachen-aufgabenblatt-3/build/CMakeFiles/CMakeTmp“ wird verlassen


Detecting C compiler ABI info compiled with the following output:
Change Dir: /home/feras/programmiersprachen-aufgabenblatt-3/build/CMakeFiles/CMakeTmp

Run Build Command:"/usr/bin/make" "cmTC_6b00f/fast"
/usr/bin/make -f CMakeFiles/cmTC_6b00f.dir/build.make CMakeFiles/cmTC_6b00f.dir/build
make[1]: Verzeichnis „/home/feras/programmiersprachen-aufgabenblatt-3/build/CMakeFiles/CMakeTmp“ wird betreten
Building C object CMakeFiles/cmTC_6b00f.dir/CMakeCCompilerABI.c.o
/usr/bin/cc    -o CMakeFiles/cmTC_6b00f.dir/CMakeCCompilerABI.c.o   -c /usr/local/share/cmake-3.11/Modules/CMakeCCompilerABI.c
Linking C executable cmTC_6b00f
/usr/local/bin/cmake -E cmake_link_script CMakeFiles/cmTC_6b00f.dir/link.txt --verbose=1
/usr/bin/cc     -v -rdynamic CMakeFiles/cmTC_6b00f.dir/CMakeCCompilerABI.c.o  -o cmTC_6b00f 
Using built-in specs.
COLLECT_GCC=/usr/bin/cc
COLLECT_LTO_WRAPPER=/usr/lib/gcc/x86_64-linux-gnu/5/lto-wrapper
Target: x86_64-linux-gnu
Configured with: ../src/configure -v --with-pkgversion='Ubuntu 5.4.0-6ubuntu1~16.04.9' --with-bugurl=file:///usr/share/doc/gcc-5/README.Bugs --enable-languages=c,ada,c++,java,go,d,fortran,objc,obj-c++ --prefix=/usr --program-suffix=-5 --enable-shared --enable-linker-build-id --libexecdir=/usr/lib --without-included-gettext --enable-threads=posix --libdir=/usr/lib --enable-nls --with-sysroot=/ --enable-clocale=gnu --enable-libstdcxx-debug --enable-libstdcxx-time=yes --with-default-libstdcxx-abi=new --enable-gnu-unique-object --disable-vtable-verify --enable-libmpx --enable-plugin --with-system-zlib --disable-browser-plugin --enable-java-awt=gtk --enable-gtk-cairo --with-java-home=/usr/lib/jvm/java-1.5.0-gcj-5-amd64/jre --enable-java-home --with-jvm-root-dir=/usr/lib/jvm/java-1.5.0-gcj-5-amd64 --with-jvm-jar-dir=/usr/lib/jvm-exports/java-1.5.0-gcj-5-amd64 --with-arch-directory=amd64 --with-ecj-jar=/usr/share/java/eclipse-ecj.jar --enable-objc-gc --enable-multiarch --disable-werror --with-arch-32=i686 --with-abi=m64 --with-multilib-list=m32,m64,mx32 --enable-multilib --with-tune=generic --enable-checking=release --build=x86_64-linux-gnu --host=x86_64-linux-gnu --target=x86_64-linux-gnu
Thread model: posix
gcc version 5.4.0 20160609 (Ubuntu 5.4.0-6ubuntu1~16.04.9) 
COMPILER_PATH=/usr/lib/gcc/x86_64-linux-gnu/5/:/usr/lib/gcc/x86_64-linux-gnu/5/:/usr/lib/gcc/x86_64-linux-gnu/:/usr/lib/gcc/x86_64-linux-gnu/5/:/usr/lib/gcc/x86_64-linux-gnu/
LIBRARY_PATH=/usr/lib/gcc/x86_64-linux-gnu/5/:/usr/lib/gcc/x86_64-linux-gnu/5/../../../x86_64-linux-gnu/:/usr/lib/gcc/x86_64-linux-gnu/5/../../../../lib/:/lib/x86_64-linux-gnu/:/lib/../lib/:/usr/lib/x86_64-linux-gnu/:/usr/lib/../lib/:/usr/lib/gcc/x86_64-linux-gnu/5/../../../:/lib/:/usr/lib/
COLLECT_GCC_OPTIONS='-v' '-rdynamic' '-o' 'cmTC_6b00f' '-mtune=generic' '-march=x86-64'
 /usr/lib/gcc/x86_64-linux-gnu/5/collect2 -plugin /usr/lib/gcc/x86_64-linux-gnu/5/liblto_plugin.so -plugin-opt=/usr/lib/gcc/x86_64-linux-gnu/5/lto-wrapper -plugin-opt=-fresolution=/tmp/ccbfwYHb.res -plugin-opt=-pass-through=-lgcc -plugin-opt=-pass-through=-lgcc_s -plugin-opt=-pass-through=-lc -plugin-opt=-pass-through=-lgcc -plugin-opt=-pass-through=-lgcc_s --sysroot=/ --build-id --eh-frame-hdr -m elf_x86_64 --hash-style=gnu --as-needed -export-dynamic -dynamic-linker /lib64/ld-linux-x86-64.so.2 -z relro -o cmTC_6b00f /usr/lib/gcc/x86_64-linux-gnu/5/../../../x86_64-linux-gnu/crt1.o /usr/lib/gcc/x86_64-linux-gnu/5/../../../x86_64-linux-gnu/crti.o /usr/lib/gcc/x86_64-linux-gnu/5/crtbegin.o -L/usr/lib/gcc/x86_64-linux-gnu/5 -L/usr/lib/gcc/x86_64-linux-gnu/5/../../../x86_64-linux-gnu -L/usr/lib/gcc/x86_64-linux-gnu/5/../../../../lib -L/lib/x86_64-linux-gnu -L/lib/../lib -L/usr/lib/x86_64-linux-gnu -L/usr/lib/../lib -L/usr/lib/gcc/x86_64-linux-gnu/5/../../.. CMakeFiles/cmTC_6b00f.dir/CMakeCCompilerABI.c.o -lgcc --as-needed -lgcc_s --no-as-needed -lc -lgcc --as-needed -lgcc_s --no-as-needed /usr/lib/gcc/x86_64-linux-gnu/5/crtend.o /usr/lib/gcc/x86_64-linux-gnu/5/../../../x86_64-linux-gnu/crtn.o
make[1]: Verzeichnis „/home/feras/programmiersprachen-aufgabenblatt-3/build/CMakeFiles/CMakeTmp“ wird verlassen


Parsed C implicit link information from above output:
  link line regex: [^( *|.*[/\])(ld|CMAKE_LINK_STARTFILE-NOTFOUND|([^/\]+-)?ld|collect2)[^/\]*( |$)]
  ignore line: [Change Dir: /home/feras/programmiersprachen-aufgabenblatt-3/build/CMakeFiles/CMakeTmp]
  ignore line: []
  ignore line: [Run Build Command:"/usr/bin/make" "cmTC_6b00f/fast"]
  ignore line: [/usr/bin/make -f CMakeFiles/cmTC_6b00f.dir/build.make CMakeFiles/cmTC_6b00f.dir/build]
  ignore line: [make[1]: Verzeichnis „/home/feras/programmiersprachen-aufgabenblatt-3/build/CMakeFiles/CMakeTmp“ wird betreten]
  ignore line: [Building C object CMakeFiles/cmTC_6b00f.dir/CMakeCCompilerABI.c.o]
  ignore line: [/usr/bin/cc    -o CMakeFiles/cmTC_6b00f.dir/CMakeCCompilerABI.c.o   -c /usr/local/share/cmake-3.11/Modules/CMakeCCompilerABI.c]
  ignore line: [Linking C executable cmTC_6b00f]
  ignore line: [/usr/local/bin/cmake -E cmake_link_script CMakeFiles/cmTC_6b00f.dir/link.txt --verbose=1]
  ignore line: [/usr/bin/cc     -v -rdynamic CMakeFiles/cmTC_6b00f.dir/CMakeCCompilerABI.c.o  -o cmTC_6b00f ]
  ignore line: [Using built-in specs.]
  ignore line: [COLLECT_GCC=/usr/bin/cc]
  ignore line: [COLLECT_LTO_WRAPPER=/usr/lib/gcc/x86_64-linux-gnu/5/lto-wrapper]
  ignore line: [Target: x86_64-linux-gnu]
  ignore line: [Configured with: ../src/configure -v --with-pkgversion='Ubuntu 5.4.0-6ubuntu1~16.04.9' --with-bugurl=file:///usr/share/doc/gcc-5/README.Bugs --enable-languages=c,ada,c++,java,go,d,fortran,objc,obj-c++ --prefix=/usr --program-suffix=-5 --enable-shared --enable-linker-build-id --libexecdir=/usr/lib --without-included-gettext --enable-threads=posix --libdir=/usr/lib --enable-nls --with-sysroot=/ --enable-clocale=gnu --enable-libstdcxx-debug --enable-libstdcxx-time=yes --with-default-libstdcxx-abi=new --enable-gnu-unique-object --disable-vtable-verify --enable-libmpx --enable-plugin --with-system-zlib --disable-browser-plugin --enable-java-awt=gtk --enable-gtk-cairo --with-java-home=/usr/lib/jvm/java-1.5.0-gcj-5-amd64/jre --enable-java-home --with-jvm-root-dir=/usr/lib/jvm/java-1.5.0-gcj-5-amd64 --with-jvm-jar-dir=/usr/lib/jvm-exports/java-1.5.0-gcj-5-amd64 --with-arch-directory=amd64 --with-ecj-jar=/usr/share/java/eclipse-ecj.jar --enable-objc-gc --enable-multiarch --disable-werror --with-arch-32=i686 --with-abi=m64 --with-multilib-list=m32,m64,mx32 --enable-multilib --with-tune=generic --enable-checking=release --build=x86_64-linux-gnu --host=x86_64-linux-gnu --target=x86_64-linux-gnu]
  ignore line: [Thread model: posix]
  ignore line: [gcc version 5.4.0 20160609 (Ubuntu 5.4.0-6ubuntu1~16.04.9) ]
  ignore line: [COMPILER_PATH=/usr/lib/gcc/x86_64-linux-gnu/5/:/usr/lib/gcc/x86_64-linux-gnu/5/:/usr/lib/gcc/x86_64-linux-gnu/:/usr/lib/gcc/x86_64-linux-gnu/5/:/usr/lib/gcc/x86_64-linux-gnu/]
  ignore line: [LIBRARY_PATH=/usr/lib/gcc/x86_64-linux-gnu/5/:/usr/lib/gcc/x86_64-linux-gnu/5/../../../x86_64-linux-gnu/:/usr/lib/gcc/x86_64-linux-gnu/5/../../../../lib/:/lib/x86_64-linux-gnu/:/lib/../lib/:/usr/lib/x86_64-linux-gnu/:/usr/lib/../lib/:/usr/lib/gcc/x86_64-linux-gnu/5/../../../:/lib/:/usr/lib/]
  ignore line: [COLLECT_GCC_OPTIONS='-v' '-rdynamic' '-o' 'cmTC_6b00f' '-mtune=generic' '-march=x86-64']
  link line: [ /usr/lib/gcc/x86_64-linux-gnu/5/collect2 -plugin /usr/lib/gcc/x86_64-linux-gnu/5/liblto_plugin.so -plugin-opt=/usr/lib/gcc/x86_64-linux-gnu/5/lto-wrapper -plugin-opt=-fresolution=/tmp/ccbfwYHb.res -plugin-opt=-pass-through=-lgcc -plugin-opt=-pass-through=-lgcc_s -plugin-opt=-pass-through=-lc -plugin-opt=-pass-through=-lgcc -plugin-opt=-pass-through=-lgcc_s --sysroot=/ --build-id --eh-frame-hdr -m elf_x86_64 --hash-style=gnu --as-needed -export-dynamic -dynamic-linker /lib64/ld-linux-x86-64.so.2 -z relro -o cmTC_6b00f /usr/lib/gcc/x86_64-linux-gnu/5/../../../x86_64-linux-gnu/crt1.o /usr/lib/gcc/x86_64-linux-gnu/5/../../../x86_64-linux-gnu/crti.o /usr/lib/gcc/x86_64-linux-gnu/5/crtbegin.o -L/usr/lib/gcc/x86_64-linux-gnu/5 -L/usr/lib/gcc/x86_64-linux-gnu/5/../../../x86_64-linux-gnu -L/usr/lib/gcc/x86_64-linux-gnu/5/../../../../lib -L/lib/x86_64-linux-gnu -L/lib/../lib -L/usr/lib/x86_64-linux-gnu -L/usr/lib/../lib -L/usr/lib/gcc/x86_64-linux-gnu/5/../../.. CMakeFiles/cmTC_6b00f.dir/CMakeCCompilerABI.c.o -lgcc --as-needed -lgcc_s --no-as-needed -lc -lgcc --as-needed -lgcc_s --no-as-needed /usr/lib/gcc/x86_64-linux-gnu/5/crtend.o /usr/lib/gcc/x86_64-linux-gnu/5/../../../x86_64-linux-gnu/crtn.o]
    arg [/usr/lib/gcc/x86_64-linux-gnu/5/collect2] ==> ignore
    arg [-plugin] ==> ignore
    arg [/usr/lib/gcc/x86_64-linux-gnu/5/liblto_plugin.so] ==> ignore
    arg [-plugin-opt=/usr/lib/gcc/x86_64-linux-gnu/5/lto-wrapper] ==> ignore
    arg [-plugin-opt=-fresolution=/tmp/ccbfwYHb.res] ==> ignore
    arg [-plugin-opt=-pass-through=-lgcc] ==> ignore
    arg [-plugin-opt=-pass-through=-lgcc_s] ==> ignore
    arg [-plugin-opt=-pass-through=-lc] ==> ignore
    arg [-plugin-opt=-pass-through=-lgcc] ==> ignore
    arg [-plugin-opt=-pass-through=-lgcc_s] ==> ignore
    arg [--sysroot=/] ==> ignore
    arg [--build-id] ==> ignore
    arg [--eh-frame-hdr] ==> ignore
    arg [-m] ==> ignore
    arg [elf_x86_64] ==> ignore
    arg [--hash-style=gnu] ==> ignore
    arg [--as-needed] ==> ignore
    arg [-export-dynamic] ==> ignore
    arg [-dynamic-linker] ==> ignore
    arg [/lib64/ld-linux-x86-64.so.2] ==> ignore
    arg [-zrelro] ==> ignore
    arg [-o] ==> ignore
    arg [cmTC_6b00f] ==> ignore
    arg [/usr/lib/gcc/x86_64-linux-gnu/5/../../../x86_64-linux-gnu/crt1.o] ==> ignore
    arg [/usr/lib/gcc/x86_64-linux-gnu/5/../../../x86_64-linux-gnu/crti.o] ==> ignore
    arg [/usr/lib/gcc/x86_64-linux-gnu/5/crtbegin.o] ==> ignore
    arg [-L/usr/lib/gcc/x86_64-linux-gnu/5] ==> dir [/usr/lib/gcc/x86_64-linux-gnu/5]
    arg [-L/usr/lib/gcc/x86_64-linux-gnu/5/../../../x86_64-linux-gnu] ==> dir [/usr/lib/gcc/x86_64-linux-gnu/5/../../../x86_64-linux-gnu]
    arg [-L/usr/lib/gcc/x86_64-linux-gnu/5/../../../../lib] ==> dir [/usr/lib/gcc/x86_64-linux-gnu/5/../../../../lib]
    arg [-L/lib/x86_64-linux-gnu] ==> dir [/lib/x86_64-linux-gnu]
    arg [-L/lib/../lib] ==> dir [/lib/../lib]
    arg [-L/usr/lib/x86_64-linux-gnu] ==> dir [/usr/lib/x86_64-linux-gnu]
    arg [-L/usr/lib/../lib] ==> dir [/usr/lib/../lib]
    arg [-L/usr/lib/gcc/x86_64-linux-gnu/5/../../..] ==> dir [/usr/lib/gcc/x86_64-linux-gnu/5/../../..]
    arg [CMakeFiles/cmTC_6b00f.dir/CMakeCCompilerABI.c.o] ==> ignore
    arg [-lgcc] ==> lib [gcc]
    arg [--as-needed] ==> ignore
    arg [-lgcc_s] ==> lib [gcc_s]
    arg [--no-as-needed] ==> ignore
    arg [-lc] ==> lib [c]
    arg [-lgcc] ==> lib [gcc]
    arg [--as-needed] ==> ignore
    arg [-lgcc_s] ==> lib [gcc_s]
    arg [--no-as-needed] ==> ignore
    arg [/usr/lib/gcc/x86_64-linux-gnu/5/crtend.o] ==> ignore
    arg [/usr/lib/gcc/x86_64-linux-gnu/5/../../../x86_64-linux-gnu/crtn.o] ==> ignore
  collapse library dir [/usr/lib/gcc/x86_64-linux-gnu/5] ==> [/usr/lib/gcc/x86_64-linux-gnu/5]
  collapse library dir [/usr/lib/gcc/x86_64-linux-gnu/5/../../../x86_64-linux-gnu] ==> [/usr/lib/x86_64-linux-gnu]
  collapse library dir [/usr/lib/gcc/x86_64-linux-gnu/5/../../../../lib] ==> [/usr/lib]
  collapse library dir [/lib/x86_64-linux-gnu] ==> [/lib/x86_64-linux-gnu]
  collapse library dir [/lib/../lib] ==> [/lib]
  collapse library dir [/usr/lib/x86_64-linux-gnu] ==> [/usr/lib/x86_64-linux-gnu]
  collapse library dir [/usr/lib/../lib] ==> [/usr/lib]
  collapse library dir [/usr/lib/gcc/x86_64-linux-gnu/5/../../..] ==> [/usr/lib]
  implicit libs: [gcc;gcc_s;c;gcc;gcc_s]
  implicit dirs: [/usr/lib/gcc/x86_64-linux-gnu/5;/usr/lib/x86_64-linux-gnu;/usr/lib;/lib/x86_64-linux-gnu;/lib]
  implicit fwks: []




Detecting C [-std=c11] compiler features compiled with the following output:
Change Dir: /home/feras/programmiersprachen-aufgabenblatt-3/build/CMakeFiles/CMakeTmp

Run Build Command:"/usr/bin/make" "cmTC_da59e/fast"
/usr/bin/make -f CMakeFiles/cmTC_da59e.dir/build.make CMakeFiles/cmTC_da59e.dir/build
make[1]: Verzeichnis „/home/feras/programmiersprachen-aufgabenblatt-3/build/CMakeFiles/CMakeTmp“ wird betreten
Building C object CMakeFiles/cmTC_da59e.dir/feature_tests.c.o
/usr/bin/cc   -std=c11 -o CMakeFiles/cmTC_da59e.dir/feature_tests.c.o   -c /home/feras/programmiersprachen-aufgabenblatt-3/build/CMakeFiles/feature_tests.c
Linking C executable cmTC_da59e
/usr/local/bin/cmake -E cmake_link_script CMakeFiles/cmTC_da59e.dir/link.txt --verbose=1
/usr/bin/cc      -rdynamic CMakeFiles/cmTC_da59e.dir/feature_tests.c.o  -o cmTC_da59e 
make[1]: Verzeichnis „/home/feras/programmiersprachen-aufgabenblatt-3/build/CMakeFiles/CMakeTmp“ wird verlassen


    Feature record: C_FEATURE:1c_function_prototypes
    Feature record: C_FEATURE:1c_restrict
    Feature record: C_FEATURE:1c_static_assert
    Feature record: C_FEATURE:1c_variadic_macros


Detecting C [-std=c99] compiler features compiled with the following output:
Change Dir: /home/feras/programmiersprachen-aufgabenblatt-3/build/CMakeFiles/CMakeTmp

Run Build Command:"/usr/bin/make" "cmTC_f6e62/fast"
/usr/bin/make -f CMakeFiles/cmTC_f6e62.dir/build.make CMakeFiles/cmTC_f6e62.dir/build
make[1]: Verzeichnis „/home/feras/programmiersprachen-aufgabenblatt-3/build/CMakeFiles/CMakeTmp“ wird betreten
Building C object CMakeFiles/cmTC_f6e62.dir/feature_tests.c.o
/usr/bin/cc   -std=c99 -o CMakeFiles/cmTC_f6e62.dir/feature_tests.c.o   -c /home/feras/programmiersprachen-aufgabenblatt-3/build/CMakeFiles/feature_tests.c
Linking C executable cmTC_f6e62
/usr/local/bin/cmake -E cmake_link_script CMakeFiles/cmTC_f6e62.dir/link.txt --verbose=1
/usr/bin/cc      -rdynamic CMakeFiles/cmTC_f6e62.dir/feature_tests.c.o  -o cmTC_f6e62 
make[1]: Verzeichnis „/home/feras/programmiersprachen-aufgabenblatt-3/build/CMakeFiles/CMakeTmp“ wird verlassen


    Feature record: C_FEATURE:1c_function_prototypes
    Feature record: C_FEATURE:1c_restrict
    Feature record: C_FEATURE:0c_static_assert
    Feature record: C_FEATURE:1c_variadic_macros


Detecting C [-std=c90] compiler features compiled with the following output:
Change Dir: /home/feras/programmiersprachen-aufgabenblatt-3/build/CMakeFiles/CMakeTmp

Run Build Command:"/usr/bin/make" "cmTC_69974/fast"
/usr/bin/make -f CMakeFiles/cmTC_69974.dir/build.make CMakeFiles/cmTC_69974.dir/build
make[1]: Verzeichnis „/home/feras/programmiersprachen-aufgabenblatt-3/build/CMakeFiles/CMakeTmp“ wird betreten
Building C object CMakeFiles/cmTC_69974.dir/feature_tests.c.o
/usr/bin/cc   -std=c90 -o CMakeFiles/cmTC_69974.dir/feature_tests.c.o   -c /home/feras/programmiersprachen-aufgabenblatt-3/build/CMakeFiles/feature_tests.c
Linking C executable cmTC_69974
/usr/local/bin/cmake -E cmake_link_script CMakeFiles/cmTC_69974.dir/link.txt --verbose=1
/usr/bin/cc      -rdynamic CMakeFiles/cmTC_69974.dir/feature_tests.c.o  -o cmTC_69974 
make[1]: Verzeichnis „/home/feras/programmiersprachen-aufgabenblatt-3/build/CMakeFiles/CMakeTmp“ wird verlassen


    Feature record: C_FEATURE:1c_function_prototypes
    Feature record: C_FEATURE:0c_restrict
    Feature record: C_FEATURE:0c_static_assert
    Feature record: C_FEATURE:0c_variadic_macros
Determining if the CXX compiler works passed with the following output:
Change Dir: /home/feras/programmiersprachen-aufgabenblatt-3/build/CMakeFiles/CMakeTmp

Run Build Command:"/usr/bin/make" "cmTC_36019/fast"
/usr/bin/make -f CMakeFiles/cmTC_36019.dir/build.make CMakeFiles/cmTC_36019.dir/build
make[1]: Verzeichnis „/home/feras/programmiersprachen-aufgabenblatt-3/build/CMakeFiles/CMakeTmp“ wird betreten
Building CXX object CMakeFiles/cmTC_36019.dir/testCXXCompiler.cxx.o
/usr/bin/c++     -o CMakeFiles/cmTC_36019.dir/testCXXCompiler.cxx.o -c /home/feras/programmiersprachen-aufgabenblatt-3/build/CMakeFiles/CMakeTmp/testCXXCompiler.cxx
Linking CXX executable cmTC_36019
/usr/local/bin/cmake -E cmake_link_script CMakeFiles/cmTC_36019.dir/link.txt --verbose=1
/usr/bin/c++       -rdynamic CMakeFiles/cmTC_36019.dir/testCXXCompiler.cxx.o  -o cmTC_36019 
make[1]: Verzeichnis „/home/feras/programmiersprachen-aufgabenblatt-3/build/CMakeFiles/CMakeTmp“ wird verlassen


Detecting CXX compiler ABI info compiled with the following output:
Change Dir: /home/feras/programmiersprachen-aufgabenblatt-3/build/CMakeFiles/CMakeTmp

Run Build Command:"/usr/bin/make" "cmTC_40bae/fast"
/usr/bin/make -f CMakeFiles/cmTC_40bae.dir/build.make CMakeFiles/cmTC_40bae.dir/build
make[1]: Verzeichnis „/home/feras/programmiersprachen-aufgabenblatt-3/build/CMakeFiles/CMakeTmp“ wird betreten
Building CXX object CMakeFiles/cmTC_40bae.dir/CMakeCXXCompilerABI.cpp.o
/usr/bin/c++     -o CMakeFiles/cmTC_40bae.dir/CMakeCXXCompilerABI.cpp.o -c /usr/local/share/cmake-3.11/Modules/CMakeCXXCompilerABI.cpp
Linking CXX executable cmTC_40bae
/usr/local/bin/cmake -E cmake_link_script CMakeFiles/cmTC_40bae.dir/link.txt --verbose=1
/usr/bin/c++      -v -rdynamic CMakeFiles/cmTC_40bae.dir/CMakeCXXCompilerABI.cpp.o  -o cmTC_40bae 
Using built-in specs.
COLLECT_GCC=/usr/bin/c++
COLLECT_LTO_WRAPPER=/usr/lib/gcc/x86_64-linux-gnu/5/lto-wrapper
Target: x86_64-linux-gnu
Configured with: ../src/configure -v --with-pkgversion='Ubuntu 5.4.0-6ubuntu1~16.04.9' --with-bugurl=file:///usr/share/doc/gcc-5/README.Bugs --enable-languages=c,ada,c++,java,go,d,fortran,objc,obj-c++ --prefix=/usr --program-suffix=-5 --enable-shared --enable-linker-build-id --libexecdir=/usr/lib --without-included-gettext --enable-threads=posix --libdir=/usr/lib --enable-nls --with-sysroot=/ --enable-clocale=gnu --enable-libstdcxx-debug --enable-libstdcxx-time=yes --with-default-libstdcxx-abi=new --enable-gnu-unique-object --disable-vtable-verify --enable-libmpx --enable-plugin --with-system-zlib --disable-browser-plugin --enable-java-awt=gtk --enable-gtk-cairo --with-java-home=/usr/lib/jvm/java-1.5.0-gcj-5-amd64/jre --enable-java-home --with-jvm-root-dir=/usr/lib/jvm/java-1.5.0-gcj-5-amd64 --with-jvm-jar-dir=/usr/lib/jvm-exports/java-1.5.0-gcj-5-amd64 --with-arch-directory=amd64 --with-ecj-jar=/usr/share/java/eclipse-ecj.jar --enable-objc-gc --enable-multiarch --disable-werror --with-arch-32=i686 --with-abi=m64 --with-multilib-list=m32,m64,mx32 --enable-multilib --with-tune=generic --enable-checking=release --build=x86_64-linux-gnu --host=x86_64-linux-gnu --target=x86_64-linux-gnu
Thread model: posix
gcc version 5.4.0 20160609 (Ubuntu 5.4.0-6ubuntu1~16.04.9) 
COMPILER_PATH=/usr/lib/gcc/x86_64-linux-gnu/5/:/usr/lib/gcc/x86_64-linux-gnu/5/:/usr/lib/gcc/x86_64-linux-gnu/:/usr/lib/gcc/x86_64-linux-gnu/5/:/usr/lib/gcc/x86_64-linux-gnu/
LIBRARY_PATH=/usr/lib/gcc/x86_64-linux-gnu/5/:/usr/lib/gcc/x86_64-linux-gnu/5/../../../x86_64-linux-gnu/:/usr/lib/gcc/x86_64-linux-gnu/5/../../../../lib/:/lib/x86_64-linux-gnu/:/lib/../lib/:/usr/lib/x86_64-linux-gnu/:/usr/lib/../lib/:/usr/lib/gcc/x86_64-linux-gnu/5/../../../:/lib/:/usr/lib/
COLLECT_GCC_OPTIONS='-v' '-rdynamic' '-o' 'cmTC_40bae' '-shared-libgcc' '-mtune=generic' '-march=x86-64'
 /usr/lib/gcc/x86_64-linux-gnu/5/collect2 -plugin /usr/lib/gcc/x86_64-linux-gnu/5/liblto_plugin.so -plugin-opt=/usr/lib/gcc/x86_64-linux-gnu/5/lto-wrapper -plugin-opt=-fresolution=/tmp/ccy8q0cH.res -plugin-opt=-pass-through=-lgcc_s -plugin-opt=-pass-through=-lgcc -plugin-opt=-pass-through=-lc -plugin-opt=-pass-through=-lgcc_s -plugin-opt=-pass-through=-lgcc --sysroot=/ --build-id --eh-frame-hdr -m elf_x86_64 --hash-style=gnu --as-needed -export-dynamic -dynamic-linker /lib64/ld-linux-x86-64.so.2 -z relro -o cmTC_40bae /usr/lib/gcc/x86_64-linux-gnu/5/../../../x86_64-linux-gnu/crt1.o /usr/lib/gcc/x86_64-linux-gnu/5/../../../x86_64-linux-gnu/crti.o /usr/lib/gcc/x86_64-linux-gnu/5/crtbegin.o -L/usr/lib/gcc/x86_64-linux-gnu/5 -L/usr/lib/gcc/x86_64-linux-gnu/5/../../../x86_64-linux-gnu -L/usr/lib/gcc/x86_64-linux-gnu/5/../../../../lib -L/lib/x86_64-linux-gnu -L/lib/../lib -L/usr/lib/x86_64-linux-gnu -L/usr/lib/../lib -L/usr/lib/gcc/x86_64-linux-gnu/5/../../.. CMakeFiles/cmTC_40bae.dir/CMakeCXXCompilerABI.cpp.o -lstdc++ -lm -lgcc_s -lgcc -lc -lgcc_s -lgcc /usr/lib/gcc/x86_64-linux-gnu/5/crtend.o /usr/lib/gcc/x86_64-linux-gnu/5/../../../x86_64-linux-gnu/crtn.o
make[1]: Verzeichnis „/home/feras/programmiersprachen-aufgabenblatt-3/build/CMakeFiles/CMakeTmp“ wird verlassen


Parsed CXX implicit link information from above output:
  link line regex: [^( *|.*[/\])(ld|CMAKE_LINK_STARTFILE-NOTFOUND|([^/\]+-)?ld|collect2)[^/\]*( |$)]
  ignore line: [Change Dir: /home/feras/programmiersprachen-aufgabenblatt-3/build/CMakeFiles/CMakeTmp]
  ignore line: []
  ignore line: [Run Build Command:"/usr/bin/make" "cmTC_40bae/fast"]
  ignore line: [/usr/bin/make -f CMakeFiles/cmTC_40bae.dir/build.make CMakeFiles/cmTC_40bae.dir/build]
  ignore line: [make[1]: Verzeichnis „/home/feras/programmiersprachen-aufgabenblatt-3/build/CMakeFiles/CMakeTmp“ wird betreten]
  ignore line: [Building CXX object CMakeFiles/cmTC_40bae.dir/CMakeCXXCompilerABI.cpp.o]
  ignore line: [/usr/bin/c++     -o CMakeFiles/cmTC_40bae.dir/CMakeCXXCompilerABI.cpp.o -c /usr/local/share/cmake-3.11/Modules/CMakeCXXCompilerABI.cpp]
  ignore line: [Linking CXX executable cmTC_40bae]
  ignore line: [/usr/local/bin/cmake -E cmake_link_script CMakeFiles/cmTC_40bae.dir/link.txt --verbose=1]
  ignore line: [/usr/bin/c++      -v -rdynamic CMakeFiles/cmTC_40bae.dir/CMakeCXXCompilerABI.cpp.o  -o cmTC_40bae ]
  ignore line: [Using built-in specs.]
  ignore line: [COLLECT_GCC=/usr/bin/c++]
  ignore line: [COLLECT_LTO_WRAPPER=/usr/lib/gcc/x86_64-linux-gnu/5/lto-wrapper]
  ignore line: [Target: x86_64-linux-gnu]
  ignore line: [Configured with: ../src/configure -v --with-pkgversion='Ubuntu 5.4.0-6ubuntu1~16.04.9' --with-bugurl=file:///usr/share/doc/gcc-5/README.Bugs --enable-languages=c,ada,c++,java,go,d,fortran,objc,obj-c++ --prefix=/usr --program-suffix=-5 --enable-shared --enable-linker-build-id --libexecdir=/usr/lib --without-included-gettext --enable-threads=posix --libdir=/usr/lib --enable-nls --with-sysroot=/ --enable-clocale=gnu --enable-libstdcxx-debug --enable-libstdcxx-time=yes --with-default-libstdcxx-abi=new --enable-gnu-unique-object --disable-vtable-verify --enable-libmpx --enable-plugin --with-system-zlib --disable-browser-plugin --enable-java-awt=gtk --enable-gtk-cairo --with-java-home=/usr/lib/jvm/java-1.5.0-gcj-5-amd64/jre --enable-java-home --with-jvm-root-dir=/usr/lib/jvm/java-1.5.0-gcj-5-amd64 --with-jvm-jar-dir=/usr/lib/jvm-exports/java-1.5.0-gcj-5-amd64 --with-arch-directory=amd64 --with-ecj-jar=/usr/share/java/eclipse-ecj.jar --enable-objc-gc --enable-multiarch --disable-werror --with-arch-32=i686 --with-abi=m64 --with-multilib-list=m32,m64,mx32 --enable-multilib --with-tune=generic --enable-checking=release --build=x86_64-linux-gnu --host=x86_64-linux-gnu --target=x86_64-linux-gnu]
  ignore line: [Thread model: posix]
  ignore line: [gcc version 5.4.0 20160609 (Ubuntu 5.4.0-6ubuntu1~16.04.9) ]
  ignore line: [COMPILER_PATH=/usr/lib/gcc/x86_64-linux-gnu/5/:/usr/lib/gcc/x86_64-linux-gnu/5/:/usr/lib/gcc/x86_64-linux-gnu/:/usr/lib/gcc/x86_64-linux-gnu/5/:/usr/lib/gcc/x86_64-linux-gnu/]
  ignore line: [LIBRARY_PATH=/usr/lib/gcc/x86_64-linux-gnu/5/:/usr/lib/gcc/x86_64-linux-gnu/5/../../../x86_64-linux-gnu/:/usr/lib/gcc/x86_64-linux-gnu/5/../../../../lib/:/lib/x86_64-linux-gnu/:/lib/../lib/:/usr/lib/x86_64-linux-gnu/:/usr/lib/../lib/:/usr/lib/gcc/x86_64-linux-gnu/5/../../../:/lib/:/usr/lib/]
  ignore line: [COLLECT_GCC_OPTIONS='-v' '-rdynamic' '-o' 'cmTC_40bae' '-shared-libgcc' '-mtune=generic' '-march=x86-64']
  link line: [ /usr/lib/gcc/x86_64-linux-gnu/5/collect2 -plugin /usr/lib/gcc/x86_64-linux-gnu/5/liblto_plugin.so -plugin-opt=/usr/lib/gcc/x86_64-linux-gnu/5/lto-wrapper -plugin-opt=-fresolution=/tmp/ccy8q0cH.res -plugin-opt=-pass-through=-lgcc_s -plugin-opt=-pass-through=-lgcc -plugin-opt=-pass-through=-lc -plugin-opt=-pass-through=-lgcc_s -plugin-opt=-pass-through=-lgcc --sysroot=/ --build-id --eh-frame-hdr -m elf_x86_64 --hash-style=gnu --as-needed -export-dynamic -dynamic-linker /lib64/ld-linux-x86-64.so.2 -z relro -o cmTC_40bae /usr/lib/gcc/x86_64-linux-gnu/5/../../../x86_64-linux-gnu/crt1.o /usr/lib/gcc/x86_64-linux-gnu/5/../../../x86_64-linux-gnu/crti.o /usr/lib/gcc/x86_64-linux-gnu/5/crtbegin.o -L/usr/lib/gcc/x86_64-linux-gnu/5 -L/usr/lib/gcc/x86_64-linux-gnu/5/../../../x86_64-linux-gnu -L/usr/lib/gcc/x86_64-linux-gnu/5/../../../../lib -L/lib/x86_64-linux-gnu -L/lib/../lib -L/usr/lib/x86_64-linux-gnu -L/usr/lib/../lib -L/usr/lib/gcc/x86_64-linux-gnu/5/../../.. CMakeFiles/cmTC_40bae.dir/CMakeCXXCompilerABI.cpp.o -lstdc++ -lm -lgcc_s -lgcc -lc -lgcc_s -lgcc /usr/lib/gcc/x86_64-linux-gnu/5/crtend.o /usr/lib/gcc/x86_64-linux-gnu/5/../../../x86_64-linux-gnu/crtn.o]
    arg [/usr/lib/gcc/x86_64-linux-gnu/5/collect2] ==> ignore
    arg [-plugin] ==> ignore
    arg [/usr/lib/gcc/x86_64-linux-gnu/5/liblto_plugin.so] ==> ignore
    arg [-plugin-opt=/usr/lib/gcc/x86_64-linux-gnu/5/lto-wrapper] ==> ignore
    arg [-plugin-opt=-fresolution=/tmp/ccy8q0cH.res] ==> ignore
    arg [-plugin-opt=-pass-through=-lgcc_s] ==> ignore
    arg [-plugin-opt=-pass-through=-lgcc] ==> ignore
    arg [-plugin-opt=-pass-through=-lc] ==> ignore
    arg [-plugin-opt=-pass-through=-lgcc_s] ==> ignore
    arg [-plugin-opt=-pass-through=-lgcc] ==> ignore
    arg [--sysroot=/] ==> ignore
    arg [--build-id] ==> ignore
    arg [--eh-frame-hdr] ==> ignore
    arg [-m] ==> ignore
    arg [elf_x86_64] ==> ignore
    arg [--hash-style=gnu] ==> ignore
    arg [--as-needed] ==> ignore
    arg [-export-dynamic] ==> ignore
    arg [-dynamic-linker] ==> ignore
    arg [/lib64/ld-linux-x86-64.so.2] ==> ignore
    arg [-zrelro] ==> ignore
    arg [-o] ==> ignore
    arg [cmTC_40bae] ==> ignore
    arg [/usr/lib/gcc/x86_64-linux-gnu/5/../../../x86_64-linux-gnu/crt1.o] ==> ignore
    arg [/usr/lib/gcc/x86_64-linux-gnu/5/../../../x86_64-linux-gnu/crti.o] ==> ignore
    arg [/usr/lib/gcc/x86_64-linux-gnu/5/crtbegin.o] ==> ignore
    arg [-L/usr/lib/gcc/x86_64-linux-gnu/5] ==> dir [/usr/lib/gcc/x86_64-linux-gnu/5]
    arg [-L/usr/lib/gcc/x86_64-linux-gnu/5/../../../x86_64-linux-gnu] ==> dir [/usr/lib/gcc/x86_64-linux-gnu/5/../../../x86_64-linux-gnu]
    arg [-L/usr/lib/gcc/x86_64-linux-gnu/5/../../../../lib] ==> dir [/usr/lib/gcc/x86_64-linux-gnu/5/../../../../lib]
    arg [-L/lib/x86_64-linux-gnu] ==> dir [/lib/x86_64-linux-gnu]
    arg [-L/lib/../lib] ==> dir [/lib/../lib]
    arg [-L/usr/lib/x86_64-linux-gnu] ==> dir [/usr/lib/x86_64-linux-gnu]
    arg [-L/usr/lib/../lib] ==> dir [/usr/lib/../lib]
    arg [-L/usr/lib/gcc/x86_64-linux-gnu/5/../../..] ==> dir [/usr/lib/gcc/x86_64-linux-gnu/5/../../..]
    arg [CMakeFiles/cmTC_40bae.dir/CMakeCXXCompilerABI.cpp.o] ==> ignore
    arg [-lstdc++] ==> lib [stdc++]
    arg [-lm] ==> lib [m]
    arg [-lgcc_s] ==> lib [gcc_s]
    arg [-lgcc] ==> lib [gcc]
    arg [-lc] ==> lib [c]
    arg [-lgcc_s] ==> lib [gcc_s]
    arg [-lgcc] ==> lib [gcc]
    arg [/usr/lib/gcc/x86_64-linux-gnu/5/crtend.o] ==> ignore
    arg [/usr/lib/gcc/x86_64-linux-gnu/5/../../../x86_64-linux-gnu/crtn.o] ==> ignore
  collapse library dir [/usr/lib/gcc/x86_64-linux-gnu/5] ==> [/usr/lib/gcc/x86_64-linux-gnu/5]
  collapse library dir [/usr/lib/gcc/x86_64-linux-gnu/5/../../../x86_64-linux-gnu] ==> [/usr/lib/x86_64-linux-gnu]
  collapse library dir [/usr/lib/gcc/x86_64-linux-gnu/5/../../../../lib] ==> [/usr/lib]
  collapse library dir [/lib/x86_64-linux-gnu] ==> [/lib/x86_64-linux-gnu]
  collapse library dir [/lib/../lib] ==> [/lib]
  collapse library dir [/usr/lib/x86_64-linux-gnu] ==> [/usr/lib/x86_64-linux-gnu]
  collapse library dir [/usr/lib/../lib] ==> [/usr/lib]
  collapse library dir [/usr/lib/gcc/x86_64-linux-gnu/5/../../..] ==> [/usr/lib]
  implicit libs: [stdc++;m;gcc_s;gcc;c;gcc_s;gcc]
  implicit dirs: [/usr/lib/gcc/x86_64-linux-gnu/5;/usr/lib/x86_64-linux-gnu;/usr/lib;/lib/x86_64-linux-gnu;/lib]
  implicit fwks: []




Detecting CXX [-std=c++1z] compiler features compiled with the following output:
Change Dir: /home/feras/programmiersprachen-aufgabenblatt-3/build/CMakeFiles/CMakeTmp

Run Build Command:"/usr/bin/make" "cmTC_40c53/fast"
/usr/bin/make -f CMakeFiles/cmTC_40c53.dir/build.make CMakeFiles/cmTC_40c53.dir/build
make[1]: Verzeichnis „/home/feras/programmiersprachen-aufgabenblatt-3/build/CMakeFiles/CMakeTmp“ wird betreten
Building CXX object CMakeFiles/cmTC_40c53.dir/feature_tests.cxx.o
/usr/bin/c++    -std=c++1z -o CMakeFiles/cmTC_40c53.dir/feature_tests.cxx.o -c /home/feras/programmiersprachen-aufgabenblatt-3/build/CMakeFiles/feature_tests.cxx
Linking CXX executable cmTC_40c53
/usr/local/bin/cmake -E cmake_link_script CMakeFiles/cmTC_40c53.dir/link.txt --verbose=1
/usr/bin/c++       -rdynamic CMakeFiles/cmTC_40c53.dir/feature_tests.cxx.o  -o cmTC_40c53 
make[1]: Verzeichnis „/home/feras/programmiersprachen-aufgabenblatt-3/build/CMakeFiles/CMakeTmp“ wird verlassen


    Feature record: CXX_FEATURE:1cxx_aggregate_default_initializers
    Feature record: CXX_FEATURE:1cxx_alias_templates
    Feature record: CXX_FEATURE:1cxx_alignas
    Feature record: CXX_FEATURE:1cxx_alignof
    Feature record: CXX_FEATURE:1cxx_attributes
    Feature record: CXX_FEATURE:1cxx_attribute_deprecated
    Feature record: CXX_FEATURE:1cxx_auto_type
    Feature record: CXX_FEATURE:1cxx_binary_literals
    Feature record: CXX_FEATURE:1cxx_constexpr
    Feature record: CXX_FEATURE:1cxx_contextual_conversions
    Feature record: CXX_FEATURE:1cxx_decltype
    Feature record: CXX_FEATURE:1cxx_decltype_auto
    Feature record: CXX_FEATURE:1cxx_decltype_incomplete_return_types
    Feature record: CXX_FEATURE:1cxx_default_function_template_args
    Feature record: CXX_FEATURE:1cxx_defaulted_functions
    Feature record: CXX_FEATURE:1cxx_defaulted_move_initializers
    Feature record: CXX_FEATURE:1cxx_delegating_constructors
    Feature record: CXX_FEATURE:1cxx_deleted_functions
    Feature record: CXX_FEATURE:1cxx_digit_separators
    Feature record: CXX_FEATURE:1cxx_enum_forward_declarations
    Feature record: CXX_FEATURE:1cxx_explicit_conversions
    Feature record: CXX_FEATURE:1cxx_extended_friend_declarations
    Feature record: CXX_FEATURE:1cxx_extern_templates
    Feature record: CXX_FEATURE:1cxx_final
    Feature record: CXX_FEATURE:1cxx_func_identifier
    Feature record: CXX_FEATURE:1cxx_generalized_initializers
    Feature record: CXX_FEATURE:1cxx_generic_lambdas
    Feature record: CXX_FEATURE:1cxx_inheriting_constructors
    Feature record: CXX_FEATURE:1cxx_inline_namespaces
    Feature record: CXX_FEATURE:1cxx_lambdas
    Feature record: CXX_FEATURE:1cxx_lambda_init_captures
    Feature record: CXX_FEATURE:1cxx_local_type_template_args
    Feature record: CXX_FEATURE:1cxx_long_long_type
    Feature record: CXX_FEATURE:1cxx_noexcept
    Feature record: CXX_FEATURE:1cxx_nonstatic_member_init
    Feature record: CXX_FEATURE:1cxx_nullptr
    Feature record: CXX_FEATURE:1cxx_override
    Feature record: CXX_FEATURE:1cxx_range_for
    Feature record: CXX_FEATURE:1cxx_raw_string_literals
    Feature record: CXX_FEATURE:1cxx_reference_qualified_functions
    Feature record: CXX_FEATURE:1cxx_relaxed_constexpr
    Feature record: CXX_FEATURE:1cxx_return_type_deduction
    Feature record: CXX_FEATURE:1cxx_right_angle_brackets
    Feature record: CXX_FEATURE:1cxx_rvalue_references
    Feature record: CXX_FEATURE:1cxx_sizeof_member
    Feature record: CXX_FEATURE:1cxx_static_assert
    Feature record: CXX_FEATURE:1cxx_strong_enums
    Feature record: CXX_FEATURE:1cxx_template_template_parameters
    Feature record: CXX_FEATURE:1cxx_thread_local
    Feature record: CXX_FEATURE:1cxx_trailing_return_types
    Feature record: CXX_FEATURE:1cxx_unicode_literals
    Feature record: CXX_FEATURE:1cxx_uniform_initialization
    Feature record: CXX_FEATURE:1cxx_unrestricted_unions
    Feature record: CXX_FEATURE:1cxx_user_literals
    Feature record: CXX_FEATURE:1cxx_variable_templates
    Feature record: CXX_FEATURE:1cxx_variadic_macros
    Feature record: CXX_FEATURE:1cxx_variadic_templates


Detecting CXX [-std=c++14] compiler features compiled with the following output:
Change Dir: /home/feras/programmiersprachen-aufgabenblatt-3/build/CMakeFiles/CMakeTmp

Run Build Command:"/usr/bin/make" "cmTC_8fcd4/fast"
/usr/bin/make -f CMakeFiles/cmTC_8fcd4.dir/build.make CMakeFiles/cmTC_8fcd4.dir/build
make[1]: Verzeichnis „/home/feras/programmiersprachen-aufgabenblatt-3/build/CMakeFiles/CMakeTmp“ wird betreten
Building CXX object CMakeFiles/cmTC_8fcd4.dir/feature_tests.cxx.o
/usr/bin/c++    -std=c++14 -o CMakeFiles/cmTC_8fcd4.dir/feature_tests.cxx.o -c /home/feras/programmiersprachen-aufgabenblatt-3/build/CMakeFiles/feature_tests.cxx
Linking CXX executable cmTC_8fcd4
/usr/local/bin/cmake -E cmake_link_script CMakeFiles/cmTC_8fcd4.dir/link.txt --verbose=1
/usr/bin/c++       -rdynamic CMakeFiles/cmTC_8fcd4.dir/feature_tests.cxx.o  -o cmTC_8fcd4 
make[1]: Verzeichnis „/home/feras/programmiersprachen-aufgabenblatt-3/build/CMakeFiles/CMakeTmp“ wird verlassen


    Feature record: CXX_FEATURE:1cxx_aggregate_default_initializers
    Feature record: CXX_FEATURE:1cxx_alias_templates
    Feature record: CXX_FEATURE:1cxx_alignas
    Feature record: CXX_FEATURE:1cxx_alignof
    Feature record: CXX_FEATURE:1cxx_attributes
    Feature record: CXX_FEATURE:1cxx_attribute_deprecated
    Feature record: CXX_FEATURE:1cxx_auto_type
    Feature record: CXX_FEATURE:1cxx_binary_literals
    Feature record: CXX_FEATURE:1cxx_constexpr
    Feature record: CXX_FEATURE:1cxx_contextual_conversions
    Feature record: CXX_FEATURE:1cxx_decltype
    Feature record: CXX_FEATURE:1cxx_decltype_auto
    Feature record: CXX_FEATURE:1cxx_decltype_incomplete_return_types
    Feature record: CXX_FEATURE:1cxx_default_function_template_args
    Feature record: CXX_FEATURE:1cxx_defaulted_functions
    Feature record: CXX_FEATURE:1cxx_defaulted_move_initializers
    Feature record: CXX_FEATURE:1cxx_delegating_constructors
    Feature record: CXX_FEATURE:1cxx_deleted_functions
    Feature record: CXX_FEATURE:1cxx_digit_separators
    Feature record: CXX_FEATURE:1cxx_enum_forward_declarations
    Feature record: CXX_FEATURE:1cxx_explicit_conversions
    Feature record: CXX_FEATURE:1cxx_extended_friend_declarations
    Feature record: CXX_FEATURE:1cxx_extern_templates
    Feature record: CXX_FEATURE:1cxx_final
    Feature record: CXX_FEATURE:1cxx_func_identifier
    Feature record: CXX_FEATURE:1cxx_generalized_initializers
    Feature record: CXX_FEATURE:1cxx_generic_lambdas
    Feature record: CXX_FEATURE:1cxx_inheriting_constructors
    Feature record: CXX_FEATURE:1cxx_inline_namespaces
    Feature record: CXX_FEATURE:1cxx_lambdas
    Feature record: CXX_FEATURE:1cxx_lambda_init_captures
    Feature record: CXX_FEATURE:1cxx_local_type_template_args
    Feature record: CXX_FEATURE:1cxx_long_long_type
    Feature record: CXX_FEATURE:1cxx_noexcept
    Feature record: CXX_FEATURE:1cxx_nonstatic_member_init
    Feature record: CXX_FEATURE:1cxx_nullptr
    Feature record: CXX_FEATURE:1cxx_override
    Feature record: CXX_FEATURE:1cxx_range_for
    Feature record: CXX_FEATURE:1cxx_raw_string_literals
    Feature record: CXX_FEATURE:1cxx_reference_qualified_functions
    Feature record: CXX_FEATURE:1cxx_relaxed_constexpr
    Feature record: CXX_FEATURE:1cxx_return_type_deduction
    Feature record: CXX_FEATURE:1cxx_right_angle_brackets
    Feature record: CXX_FEATURE:1cxx_rvalue_references
    Feature record: CXX_FEATURE:1cxx_sizeof_member
    Feature record: CXX_FEATURE:1cxx_static_assert
    Feature record: CXX_FEATURE:1cxx_strong_enums
    Feature record: CXX_FEATURE:1cxx_template_template_parameters
    Feature record: CXX_FEATURE:1cxx_thread_local
    Feature record: CXX_FEATURE:1cxx_trailing_return_types
    Feature record: CXX_FEATURE:1cxx_unicode_literals
    Feature record: CXX_FEATURE:1cxx_uniform_initialization
    Feature record: CXX_FEATURE:1cxx_unrestricted_unions
    Feature record: CXX_FEATURE:1cxx_user_literals
    Feature record: CXX_FEATURE:1cxx_variable_templates
    Feature record: CXX_FEATURE:1cxx_variadic_macros
    Feature record: CXX_FEATURE:1cxx_variadic_templates


Detecting CXX [-std=c++11] compiler features compiled with the following output:
Change Dir: /home/feras/programmiersprachen-aufgabenblatt-3/build/CMakeFiles/CMakeTmp

Run Build Command:"/usr/bin/make" "cmTC_e7717/fast"
/usr/bin/make -f CMakeFiles/cmTC_e7717.dir/build.make CMakeFiles/cmTC_e7717.dir/build
make[1]: Verzeichnis „/home/feras/programmiersprachen-aufgabenblatt-3/build/CMakeFiles/CMakeTmp“ wird betreten
Building CXX object CMakeFiles/cmTC_e7717.dir/feature_tests.cxx.o
/usr/bin/c++    -std=c++11 -o CMakeFiles/cmTC_e7717.dir/feature_tests.cxx.o -c /home/feras/programmiersprachen-aufgabenblatt-3/build/CMakeFiles/feature_tests.cxx
Linking CXX executable cmTC_e7717
/usr/local/bin/cmake -E cmake_link_script CMakeFiles/cmTC_e7717.dir/link.txt --verbose=1
/usr/bin/c++       -rdynamic CMakeFiles/cmTC_e7717.dir/feature_tests.cxx.o  -o cmTC_e7717 
make[1]: Verzeichnis „/home/feras/programmiersprachen-aufgabenblatt-3/build/CMakeFiles/CMakeTmp“ wird verlassen


    Feature record: CXX_FEATURE:0cxx_aggregate_default_initializers
    Feature record: CXX_FEATURE:1cxx_alias_templates
    Feature record: CXX_FEATURE:1cxx_alignas
    Feature record: CXX_FEATURE:1cxx_alignof
    Feature record: CXX_FEATURE:1cxx_attributes
    Feature record: CXX_FEATURE:0cxx_attribute_deprecated
    Feature record: CXX_FEATURE:1cxx_auto_type
    Feature record: CXX_FEATURE:0cxx_binary_literals
    Feature record: CXX_FEATURE:1cxx_constexpr
    Feature record: CXX_FEATURE:0cxx_contextual_conversions
    Feature record: CXX_FEATURE:1cxx_decltype
    Feature record: CXX_FEATURE:0cxx_decltype_auto
    Feature record: CXX_FEATURE:1cxx_decltype_incomplete_return_types
    Feature record: CXX_FEATURE:1cxx_default_function_template_args
    Feature record: CXX_FEATURE:1cxx_defaulted_functions
    Feature record: CXX_FEATURE:1cxx_defaulted_move_initializers
    Feature record: CXX_FEATURE:1cxx_delegating_constructors
    Feature record: CXX_FEATURE:1cxx_deleted_functions
    Feature record: CXX_FEATURE:0cxx_digit_separators
    Feature record: CXX_FEATURE:1cxx_enum_forward_declarations
    Feature record: CXX_FEATURE:1cxx_explicit_conversions
    Feature record: CXX_FEATURE:1cxx_extended_friend_declarations
    Feature record: CXX_FEATURE:1cxx_extern_templates
    Feature record: CXX_FEATURE:1cxx_final
    Feature record: CXX_FEATURE:1cxx_func_identifier
    Feature record: CXX_FEATURE:1cxx_generalized_initializers
    Feature record: CXX_FEATURE:0cxx_generic_lambdas
    Feature record: CXX_FEATURE:1cxx_inheriting_constructors
    Feature record: CXX_FEATURE:1cxx_inline_namespaces
    Feature record: CXX_FEATURE:1cxx_lambdas
    Feature record: CXX_FEATURE:0cxx_lambda_init_captures
    Feature record: CXX_FEATURE:1cxx_local_type_template_args
    Feature record: CXX_FEATURE:1cxx_long_long_type
    Feature record: CXX_FEATURE:1cxx_noexcept
    Feature record: CXX_FEATURE:1cxx_nonstatic_member_init
    Feature record: CXX_FEATURE:1cxx_nullptr
    Feature record: CXX_FEATURE:1cxx_override
    Feature record: CXX_FEATURE:1cxx_range_for
    Feature record: CXX_FEATURE:1cxx_raw_string_literals
    Feature record: CXX_FEATURE:1cxx_reference_qualified_functions
    Feature record: CXX_FEATURE:0cxx_relaxed_constexpr
    Feature record: CXX_FEATURE:0cxx_return_type_deduction
    Feature record: CXX_FEATURE:1cxx_right_angle_brackets
    Feature record: CXX_FEATURE:1cxx_rvalue_references
    Feature record: CXX_FEATURE:1cxx_sizeof_member
    Feature record: CXX_FEATURE:1cxx_static_assert
    Feature record: CXX_FEATURE:1cxx_strong_enums
    Feature record: CXX_FEATURE:1cxx_template_template_parameters
    Feature record: CXX_FEATURE:1cxx_thread_local
    Feature record: CXX_FEATURE:1cxx_trailing_return_types
    Feature record: CXX_FEATURE:1cxx_unicode_literals
    Feature record: CXX_FEATURE:1cxx_uniform_initialization
    Feature record: CXX_FEATURE:1cxx_unrestricted_unions
    Feature record: CXX_FEATURE:1cxx_user_literals
    Feature record: CXX_FEATURE:0cxx_variable_templates
    Feature record: CXX_FEATURE:1cxx_variadic_macros
    Feature record: CXX_FEATURE:1cxx_variadic_templates


Detecting CXX [-std=c++98] compiler features compiled with the following output:
Change Dir: /home/feras/programmiersprachen-aufgabenblatt-3/build/CMakeFiles/CMakeTmp

Run Build Command:"/usr/bin/make" "cmTC_6040c/fast"
/usr/bin/make -f CMakeFiles/cmTC_6040c.dir/build.make CMakeFiles/cmTC_6040c.dir/build
make[1]: Verzeichnis „/home/feras/programmiersprachen-aufgabenblatt-3/build/CMakeFiles/CMakeTmp“ wird betreten
Building CXX object CMakeFiles/cmTC_6040c.dir/feature_tests.cxx.o
/usr/bin/c++    -std=c++98 -o CMakeFiles/cmTC_6040c.dir/feature_tests.cxx.o -c /home/feras/programmiersprachen-aufgabenblatt-3/build/CMakeFiles/feature_tests.cxx
Linking CXX executable cmTC_6040c
/usr/local/bin/cmake -E cmake_link_script CMakeFiles/cmTC_6040c.dir/link.txt --verbose=1
/usr/bin/c++       -rdynamic CMakeFiles/cmTC_6040c.dir/feature_tests.cxx.o  -o cmTC_6040c 
make[1]: Verzeichnis „/home/feras/programmiersprachen-aufgabenblatt-3/build/CMakeFiles/CMakeTmp“ wird verlassen


    Feature record: CXX_FEATURE:0cxx_aggregate_default_initializers
    Feature record: CXX_FEATURE:0cxx_alias_templates
    Feature record: CXX_FEATURE:0cxx_alignas
    Feature record: CXX_FEATURE:0cxx_alignof
    Feature record: CXX_FEATURE:0cxx_attributes
    Feature record: CXX_FEATURE:0cxx_attribute_deprecated
    Feature record: CXX_FEATURE:0cxx_auto_type
    Feature record: CXX_FEATURE:0cxx_binary_literals
    Feature record: CXX_FEATURE:0cxx_constexpr
    Feature record: CXX_FEATURE:0cxx_contextual_conversions
    Feature record: CXX_FEATURE:0cxx_decltype
    Feature record: CXX_FEATURE:0cxx_decltype_auto
    Feature record: CXX_FEATURE:0cxx_decltype_incomplete_return_types
    Feature record: CXX_FEATURE:0cxx_default_function_template_args
    Feature record: CXX_FEATURE:0cxx_defaulted_functions
    Feature record: CXX_FEATURE:0cxx_defaulted_move_initializers
    Feature record: CXX_FEATURE:0cxx_delegating_constructors
    Feature record: CXX_FEATURE:0cxx_deleted_functions
    Feature record: CXX_FEATURE:0cxx_digit_separators
    Feature record: CXX_FEATURE:0cxx_enum_forward_declarations
    Feature record: CXX_FEATURE:0cxx_explicit_conversions
    Feature record: CXX_FEATURE:0cxx_extended_friend_declarations
    Feature record: CXX_FEATURE:0cxx_extern_templates
    Feature record: CXX_FEATURE:0cxx_final
    Feature record: CXX_FEATURE:0cxx_func_identifier
    Feature record: CXX_FEATURE:0cxx_generalized_initializers
    Feature record: CXX_FEATURE:0cxx_generic_lambdas
    Feature record: CXX_FEATURE:0cxx_inheriting_constructors
    Feature record: CXX_FEATURE:0cxx_inline_namespaces
    Feature record: CXX_FEATURE:0cxx_lambdas
    Feature record: CXX_FEATURE:0cxx_lambda_init_captures
    Feature record: CXX_FEATURE:0cxx_local_type_template_args
    Feature record: CXX_FEATURE:0cxx_long_long_type
    Feature record: CXX_FEATURE:0cxx_noexcept
    Feature record: CXX_FEATURE:0cxx_nonstatic_member_init
    Feature record: CXX_FEATURE:0cxx_nullptr
    Feature record: CXX_FEATURE:0cxx_override
    Feature record: CXX_FEATURE:0cxx_range_for
    Feature record: CXX_FEATURE:0cxx_raw_string_literals
    Feature record: CXX_FEATURE:0cxx_reference_qualified_functions
    Feature record: CXX_FEATURE:0cxx_relaxed_constexpr
    Feature record: CXX_FEATURE:0cxx_return_type_deduction
    Feature record: CXX_FEATURE:0cxx_right_angle_brackets
    Feature record: CXX_FEATURE:0cxx_rvalue_references
    Feature record: CXX_FEATURE:0cxx_sizeof_member
    Feature record: CXX_FEATURE:0cxx_static_assert
    Feature record: CXX_FEATURE:0cxx_strong_enums
    Feature record: CXX_FEATURE:1cxx_template_template_parameters
    Feature record: CXX_FEATURE:0cxx_thread_local
    Feature record: CXX_FEATURE:0cxx_trailing_return_types
    Feature record: CXX_FEATURE:0cxx_unicode_literals
    Feature record: CXX_FEATURE:0cxx_uniform_initialization
    Feature record: CXX_FEATURE:0cxx_unrestricted_unions
    Feature record: CXX_FEATURE:0cxx_user_literals
    Feature record: CXX_FEATURE:0cxx_variable_templates
    Feature record: CXX_FEATURE:0cxx_variadic_macros
    Feature record: CXX_FEATURE:0cxx_variadic_templates
Determining if the include file pthread.h exists passed with the following output:
Change Dir: /home/feras/programmiersprachen-aufgabenblatt-3/build/CMakeFiles/CMakeTmp

Run Build Command:"/usr/bin/make" "cmTC_85eeb/fast"
/usr/bin/make -f CMakeFiles/cmTC_85eeb.dir/build.make CMakeFiles/cmTC_85eeb.dir/build
make[1]: Verzeichnis „/home/feras/programmiersprachen-aufgabenblatt-3/build/CMakeFiles/CMakeTmp“ wird betreten
Building C object CMakeFiles/cmTC_85eeb.dir/CheckIncludeFile.c.o
/usr/bin/cc    -o CMakeFiles/cmTC_85eeb.dir/CheckIncludeFile.c.o   -c /home/feras/programmiersprachen-aufgabenblatt-3/build/CMakeFiles/CMakeTmp/CheckIncludeFile.c
Linking C executable cmTC_85eeb
/usr/local/bin/cmake -E cmake_link_script CMakeFiles/cmTC_85eeb.dir/link.txt --verbose=1
/usr/bin/cc      -rdynamic CMakeFiles/cmTC_85eeb.dir/CheckIncludeFile.c.o  -o cmTC_85eeb 
make[1]: Verzeichnis „/home/feras/programmiersprachen-aufgabenblatt-3/build/CMakeFiles/CMakeTmp“ wird verlassen


Determining if the function pthread_create exists in the pthread passed with the following output:
Change Dir: /home/feras/programmiersprachen-aufgabenblatt-3/build/CMakeFiles/CMakeTmp

Run Build Command:"/usr/bin/make" "cmTC_b129b/fast"
/usr/bin/make -f CMakeFiles/cmTC_b129b.dir/build.make CMakeFiles/cmTC_b129b.dir/build
make[1]: Verzeichnis „/home/feras/programmiersprachen-aufgabenblatt-3/build/CMakeFiles/CMakeTmp“ wird betreten
Building C object CMakeFiles/cmTC_b129b.dir/CheckFunctionExists.c.o
/usr/bin/cc   -DCHECK_FUNCTION_EXISTS=pthread_create   -o CMakeFiles/cmTC_b129b.dir/CheckFunctionExists.c.o   -c /usr/local/share/cmake-3.11/Modules/CheckFunctionExists.c
Linking C executable cmTC_b129b
/usr/local/bin/cmake -E cmake_link_script CMakeFiles/cmTC_b129b.dir/link.txt --verbose=1
/usr/bin/cc  -DCHECK_FUNCTION_EXISTS=pthread_create    -rdynamic CMakeFiles/cmTC_b129b.dir/CheckFunctionExists.c.o  -o cmTC_b129b -lpthread 
make[1]: Verzeichnis „/home/feras/programmiersprachen-aufgabenblatt-3/build/CMakeFiles/CMakeTmp“ wird verlassen


Determining if the function XOpenDisplay exists in the /usr/lib/x86_64-linux-gnu/libX11.so;/usr/lib/x86_64-linux-gnu/libXext.so passed with the following output:
Change Dir: /home/feras/programmiersprachen-aufgabenblatt-3/build/CMakeFiles/CMakeTmp

Run Build Command:"/usr/bin/make" "cmTC_fe4df/fast"
/usr/bin/make -f CMakeFiles/cmTC_fe4df.dir/build.make CMakeFiles/cmTC_fe4df.dir/build
make[1]: Verzeichnis „/home/feras/programmiersprachen-aufgabenblatt-3/build/CMakeFiles/CMakeTmp“ wird betreten
Building C object CMakeFiles/cmTC_fe4df.dir/CheckFunctionExists.c.o
/usr/bin/cc   -DCHECK_FUNCTION_EXISTS=XOpenDisplay   -o CMakeFiles/cmTC_fe4df.dir/CheckFunctionExists.c.o   -c /usr/local/share/cmake-3.11/Modules/CheckFunctionExists.c
Linking C executable cmTC_fe4df
/usr/local/bin/cmake -E cmake_link_script CMakeFiles/cmTC_fe4df.dir/link.txt --verbose=1
/usr/bin/cc  -DCHECK_FUNCTION_EXISTS=XOpenDisplay    -rdynamic CMakeFiles/cmTC_fe4df.dir/CheckFunctionExists.c.o  -o cmTC_fe4df /usr/lib/x86_64-linux-gnu/libX11.so /usr/lib/x86_64-linux-gnu/libXext.so 
make[1]: Verzeichnis „/home/feras/programmiersprachen-aufgabenblatt-3/build/CMakeFiles/CMakeTmp“ wird verlassen


Determining if the function gethostbyname exists passed with the following output:
Change Dir: /home/feras/programmiersprachen-aufgabenblatt-3/build/CMakeFiles/CMakeTmp

Run Build Command:"/usr/bin/make" "cmTC_5f905/fast"
/usr/bin/make -f CMakeFiles/cmTC_5f905.dir/build.make CMakeFiles/cmTC_5f905.dir/build
make[1]: Verzeichnis „/home/feras/programmiersprachen-aufgabenblatt-3/build/CMakeFiles/CMakeTmp“ wird betreten
Building C object CMakeFiles/cmTC_5f905.dir/CheckFunctionExists.c.o
/usr/bin/cc   -DCHECK_FUNCTION_EXISTS=gethostbyname   -o CMakeFiles/cmTC_5f905.dir/CheckFunctionExists.c.o   -c /usr/local/share/cmake-3.11/Modules/CheckFunctionExists.c
Linking C executable cmTC_5f905
/usr/local/bin/cmake -E cmake_link_script CMakeFiles/cmTC_5f905.dir/link.txt --verbose=1
/usr/bin/cc  -DCHECK_FUNCTION_EXISTS=gethostbyname    -rdynamic CMakeFiles/cmTC_5f905.dir/CheckFunctionExists.c.o  -o cmTC_5f905 
make[1]: Verzeichnis „/home/feras/programmiersprachen-aufgabenblatt-3/build/CMakeFiles/CMakeTmp“ wird verlassen


Determining if the function connect exists passed with the following output:
Change Dir: /home/feras/programmiersprachen-aufgabenblatt-3/build/CMakeFiles/CMakeTmp

Run Build Command:"/usr/bin/make" "cmTC_65981/fast"
/usr/bin/make -f CMakeFiles/cmTC_65981.dir/build.make CMakeFiles/cmTC_65981.dir/build
make[1]: Verzeichnis „/home/feras/programmiersprachen-aufgabenblatt-3/build/CMakeFiles/CMakeTmp“ wird betreten
Building C object CMakeFiles/cmTC_65981.dir/CheckFunctionExists.c.o
/usr/bin/cc   -DCHECK_FUNCTION_EXISTS=connect   -o CMakeFiles/cmTC_65981.dir/CheckFunctionExists.c.o   -c /usr/local/share/cmake-3.11/Modules/CheckFunctionExists.c
Linking C executable cmTC_65981
/usr/local/bin/cmake -E cmake_link_script CMakeFiles/cmTC_65981.dir/link.txt --verbose=1
/usr/bin/cc  -DCHECK_FUNCTION_EXISTS=connect    -rdynamic CMakeFiles/cmTC_65981.dir/CheckFunctionExists.c.o  -o cmTC_65981 
make[1]: Verzeichnis „/home/feras/programmiersprachen-aufgabenblatt-3/build/CMakeFiles/CMakeTmp“ wird verlassen


Determining if the function remove exists passed with the following output:
Change Dir: /home/feras/programmiersprachen-aufgabenblatt-3/build/CMakeFiles/CMakeTmp

Run Build Command:"/usr/bin/make" "cmTC_fd7e8/fast"
/usr/bin/make -f CMakeFiles/cmTC_fd7e8.dir/build.make CMakeFiles/cmTC_fd7e8.dir/build
make[1]: Verzeichnis „/home/feras/programmiersprachen-aufgabenblatt-3/build/CMakeFiles/CMakeTmp“ wird betreten
Building C object CMakeFiles/cmTC_fd7e8.dir/CheckFunctionExists.c.o
/usr/bin/cc   -DCHECK_FUNCTION_EXISTS=remove   -o CMakeFiles/cmTC_fd7e8.dir/CheckFunctionExists.c.o   -c /usr/local/share/cmake-3.11/Modules/CheckFunctionExists.c
Linking C executable cmTC_fd7e8
/usr/local/bin/cmake -E cmake_link_script CMakeFiles/cmTC_fd7e8.dir/link.txt --verbose=1
/usr/bin/cc  -DCHECK_FUNCTION_EXISTS=remove    -rdynamic CMakeFiles/cmTC_fd7e8.dir/CheckFunctionExists.c.o  -o cmTC_fd7e8 
make[1]: Verzeichnis „/home/feras/programmiersprachen-aufgabenblatt-3/build/CMakeFiles/CMakeTmp“ wird verlassen


Determining if the function shmat exists passed with the following output:
Change Dir: /home/feras/programmiersprachen-aufgabenblatt-3/build/CMakeFiles/CMakeTmp

Run Build Command:"/usr/bin/make" "cmTC_0af83/fast"
/usr/bin/make -f CMakeFiles/cmTC_0af83.dir/build.make CMakeFiles/cmTC_0af83.dir/build
make[1]: Verzeichnis „/home/feras/programmiersprachen-aufgabenblatt-3/build/CMakeFiles/CMakeTmp“ wird betreten
Building C object CMakeFiles/cmTC_0af83.dir/CheckFunctionExists.c.o
/usr/bin/cc   -DCHECK_FUNCTION_EXISTS=shmat   -o CMakeFiles/cmTC_0af83.dir/CheckFunctionExists.c.o   -c /usr/local/share/cmake-3.11/Modules/CheckFunctionExists.c
Linking C executable cmTC_0af83
/usr/local/bin/cmake -E cmake_link_script CMakeFiles/cmTC_0af83.dir/link.txt --verbose=1
/usr/bin/cc  -DCHECK_FUNCTION_EXISTS=shmat    -rdynamic CMakeFiles/cmTC_0af83.dir/CheckFunctionExists.c.o  -o cmTC_0af83 
make[1]: Verzeichnis „/home/feras/programmiersprachen-aufgabenblatt-3/build/CMakeFiles/CMakeTmp“ wird verlassen


Determining if the function IceConnectionNumber exists in the ICE passed with the following output:
Change Dir: /home/feras/programmiersprachen-aufgabenblatt-3/build/CMakeFiles/CMakeTmp

Run Build Command:"/usr/bin/make" "cmTC_54efa/fast"
/usr/bin/make -f CMakeFiles/cmTC_54efa.dir/build.make CMakeFiles/cmTC_54efa.dir/build
make[1]: Verzeichnis „/home/feras/programmiersprachen-aufgabenblatt-3/build/CMakeFiles/CMakeTmp“ wird betreten
Building C object CMakeFiles/cmTC_54efa.dir/CheckFunctionExists.c.o
/usr/bin/cc   -DCHECK_FUNCTION_EXISTS=IceConnectionNumber   -o CMakeFiles/cmTC_54efa.dir/CheckFunctionExists.c.o   -c /usr/local/share/cmake-3.11/Modules/CheckFunctionExists.c
Linking C executable cmTC_54efa
/usr/local/bin/cmake -E cmake_link_script CMakeFiles/cmTC_54efa.dir/link.txt --verbose=1
/usr/bin/cc  -DCHECK_FUNCTION_EXISTS=IceConnectionNumber    -rdynamic CMakeFiles/cmTC_54efa.dir/CheckFunctionExists.c.o  -o cmTC_54efa -lICE 
make[1]: Verzeichnis „/home/feras/programmiersprachen-aufgabenblatt-3/build/CMakeFiles/CMakeTmp“ wird verlassen


